[1219/000308.282:ERROR:directory_reader_win.cc(43)] FindFirstFile: System nie mo¿e odnaleŸæ okreœlonej œcie¿ki. (0x3)
[1224/002222.791:ERROR:directory_reader_win.cc(43)] FindFirstFile: System nie mo¿e odnaleŸæ okreœlonej œcie¿ki. (0x3)
[1224/143727.511:ERROR:directory_reader_win.cc(43)] FindFirstFile: System nie mo¿e odnaleŸæ okreœlonej œcie¿ki. (0x3)
[1226/081758.065:ERROR:directory_reader_win.cc(43)] FindFirstFile: System nie mo¿e odnaleŸæ okreœlonej œcie¿ki. (0x3)
[1228/212400.861:ERROR:directory_reader_win.cc(43)] FindFirstFile: System nie mo¿e odnaleŸæ okreœlonej œcie¿ki. (0x3)
[1229/003507.354:ERROR:directory_reader_win.cc(43)] FindFirstFile: System nie mo¿e odnaleŸæ okreœlonej œcie¿ki. (0x3)
[0102/132208.876:ERROR:directory_reader_win.cc(43)] FindFirstFile: System nie mo¿e odnaleŸæ okreœlonej œcie¿ki. (0x3)
[0103/004349.039:ERROR:process_memory_win.cc(73)] ReadMemory at 0x461f576000 of 852 bytes failed: Ukoñczono tylko czêœæ ¿¹dania ReadProcessMemory lub WriteProcessMemory. (0x12B)
[0103/004349.040:ERROR:process_snapshot_win.cc(389)] ReadMemory PEB
[0103/004349.045:ERROR:process_memory_win.cc(73)] ReadMemory at 0x1eb87d75ff0 of 6656 bytes failed: Ukoñczono tylko czêœæ ¿¹dania ReadProcessMemory lub WriteProcessMemory. (0x12B)
[0103/004349.045:ERROR:process_snapshot_win.cc(322)] failed to read unloaded module data
[0103/004349.071:ERROR:process_memory_win.cc(73)] ReadMemory at 0x7ff6dfe3ac08 of 16 bytes failed: Ukoñczono tylko czêœæ ¿¹dania ReadProcessMemory lub WriteProcessMemory. (0x12B)
[0103/004349.071:WARNING:pe_image_resource_reader.cc(103)] could not read resource data entry from C:\Program Files (x86)\Google\Chrome\Application\chrome.exe resources
[0103/004349.087:ERROR:process_memory_win.cc(73)] ReadMemory at 0x7ffba6c90000 of 64 bytes failed: Ukoñczono tylko czêœæ ¿¹dania ReadProcessMemory lub WriteProcessMemory. (0x12B)
[0103/004349.087:WARNING:pe_image_reader.cc(340)] could not read dos header from C:\WINDOWS\SYSTEM32\ntdll.dll
[0103/004349.087:ERROR:process_memory_win.cc(73)] ReadMemory at 0x7ffba4cf0000 of 64 bytes failed: Ukoñczono tylko czêœæ ¿¹dania ReadProcessMemory lub WriteProcessMemory. (0x12B)
[0103/004349.087:WARNING:pe_image_reader.cc(340)] could not read dos header from C:\WINDOWS\System32\KERNEL32.DLL
[0103/004349.088:ERROR:process_memory_win.cc(73)] ReadMemory at 0x7ffba4990000 of 64 bytes failed: Ukoñczono tylko czêœæ ¿¹dania ReadProcessMemory lub WriteProcessMemory. (0x12B)
[0103/004349.088:WARNING:pe_image_reader.cc(340)] could not read dos header from C:\WINDOWS\System32\KERNELBASE.dll
[0103/004349.089:ERROR:process_memory_win.cc(73)] ReadMemory at 0x7ffb81bb0000 of 64 bytes failed: Ukoñczono tylko czêœæ ¿¹dania ReadProcessMemory lub WriteProcessMemory. (0x12B)
[0103/004349.089:WARNING:pe_image_reader.cc(340)] could not read dos header from C:\Program Files (x86)\Google\Chrome\Application\87.0.4280.88\chrome_elf.dll
[0103/004349.089:ERROR:process_memory_win.cc(73)] ReadMemory at 0x7ffb95620000 of 64 bytes failed: Ukoñczono tylko czêœæ ¿¹dania ReadProcessMemory lub WriteProcessMemory. (0x12B)
[0103/004349.089:WARNING:pe_image_reader.cc(340)] could not read dos header from C:\WINDOWS\SYSTEM32\VERSION.dll
[0103/004349.089:ERROR:process_memory_win.cc(73)] ReadMemory at 0x7ffba6680000 of 64 bytes failed: Ukoñczono tylko czêœæ ¿¹dania ReadProcessMemory lub WriteProcessMemory. (0x12B)
[0103/004349.089:WARNING:pe_image_reader.cc(340)] could not read dos header from C:\WINDOWS\System32\msvcrt.dll
[0103/004349.089:ERROR:process_memory_win.cc(73)] ReadMemory at 0x7ffba64d0000 of 64 bytes failed: Ukoñczono tylko czêœæ ¿¹dania ReadProcessMemory lub WriteProcessMemory. (0x12B)
[0103/004349.089:WARNING:pe_image_reader.cc(340)] could not read dos header from C:\WINDOWS\System32\ADVAPI32.dll
[0103/004349.089:ERROR:process_memory_win.cc(73)] ReadMemory at 0x7ffba6350000 of 64 bytes failed: Ukoñczono tylko czêœæ ¿¹dania ReadProcessMemory lub WriteProcessMemory. (0x12B)
[0103/004349.089:WARNING:pe_image_reader.cc(340)] could not read dos header from C:\WINDOWS\System32\sechost.dll
[0103/004349.089:ERROR:process_memory_win.cc(73)] ReadMemory at 0x7ffba58e0000 of 64 bytes failed: Ukoñczono tylko czêœæ ¿¹dania ReadProcessMemory lub WriteProcessMemory. (0x12B)
[0103/004349.089:WARNING:pe_image_reader.cc(340)] could not read dos header from C:\WINDOWS\System32\RPCRT4.dll
[0103/004349.089:ERROR:process_memory_win.cc(73)] ReadMemory at 0x7ffb35be0000 of 64 bytes failed: Ukoñczono tylko czêœæ ¿¹dania ReadProcessMemory lub WriteProcessMemory. (0x12B)
[0103/004349.089:WARNING:pe_image_reader.cc(340)] could not read dos header from C:\Program Files (x86)\Google\Chrome\Application\87.0.4280.88\chrome.dll
[0103/004349.089:ERROR:process_memory_win.cc(73)] ReadMemory at 0x7ffba5a50000 of 64 bytes failed: Ukoñczono tylko czêœæ ¿¹dania ReadProcessMemory lub WriteProcessMemory. (0x12B)
[0103/004349.089:WARNING:pe_image_reader.cc(340)] could not read dos header from C:\WINDOWS\System32\WS2_32.dll
[0103/004349.089:ERROR:process_memory_win.cc(73)] ReadMemory at 0x7ffba6580000 of 64 bytes failed: Ukoñczono tylko czêœæ ¿¹dania ReadProcessMemory lub WriteProcessMemory. (0x12B)
[0103/004349.089:WARNING:pe_image_reader.cc(340)] could not read dos header from C:\WINDOWS\System32\OLEAUT32.dll
[0103/004349.090:ERROR:process_memory_win.cc(73)] ReadMemory at 0x7ffba48f0000 of 64 bytes failed: Ukoñczono tylko czêœæ ¿¹dania ReadProcessMemory lub WriteProcessMemory. (0x12B)
[0103/004349.090:WARNING:pe_image_reader.cc(340)] could not read dos header from C:\WINDOWS\System32\msvcp_win.dll
[0103/004349.090:ERROR:process_memory_win.cc(73)] ReadMemory at 0x7ffba43d0000 of 64 bytes failed: Ukoñczono tylko czêœæ ¿¹dania ReadProcessMemory lub WriteProcessMemory. (0x12B)
[0103/004349.090:WARNING:pe_image_reader.cc(340)] could not read dos header from C:\WINDOWS\System32\ucrtbase.dll
[0103/004349.090:ERROR:process_memory_win.cc(73)] ReadMemory at 0x7ffba6850000 of 64 bytes failed: Ukoñczono tylko czêœæ ¿¹dania ReadProcessMemory lub WriteProcessMemory. (0x12B)
[0103/004349.090:WARNING:pe_image_reader.cc(340)] could not read dos header from C:\WINDOWS\System32\combase.dll
[0103/004349.090:ERROR:process_memory_win.cc(73)] ReadMemory at 0x7ffba4c90000 of 64 bytes failed: Ukoñczono tylko czêœæ ¿¹dania ReadProcessMemory lub WriteProcessMemory. (0x12B)
[0103/004349.090:WARNING:pe_image_reader.cc(340)] could not read dos header from C:\WINDOWS\System32\WINTRUST.dll
[0103/004349.090:ERROR:process_memory_win.cc(73)] ReadMemory at 0x7ffba4790000 of 64 bytes failed: Ukoñczono tylko czêœæ ¿¹dania ReadProcessMemory lub WriteProcessMemory. (0x12B)
[0103/004349.090:WARNING:pe_image_reader.cc(340)] could not read dos header from C:\WINDOWS\System32\CRYPT32.dll
[0103/004349.090:ERROR:process_memory_win.cc(73)] ReadMemory at 0x7ffb946b0000 of 64 bytes failed: Ukoñczono tylko czêœæ ¿¹dania ReadProcessMemory lub WriteProcessMemory. (0x12B)
[0103/004349.090:WARNING:pe_image_reader.cc(340)] could not read dos header from C:\WINDOWS\SYSTEM32\dbghelp.dll
[0103/004349.090:ERROR:process_memory_win.cc(73)] ReadMemory at 0x7ffba3830000 of 64 bytes failed: Ukoñczono tylko czêœæ ¿¹dania ReadProcessMemory lub WriteProcessMemory. (0x12B)
[0103/004349.090:WARNING:pe_image_reader.cc(340)] could not read dos header from C:\WINDOWS\SYSTEM32\IPHLPAPI.DLL
[0103/004349.090:ERROR:process_memory_win.cc(73)] ReadMemory at 0x7ffb96880000 of 64 bytes failed: Ukoñczono tylko czêœæ ¿¹dania ReadProcessMemory lub WriteProcessMemory. (0x12B)
[0103/004349.090:WARNING:pe_image_reader.cc(340)] could not read dos header from C:\WINDOWS\SYSTEM32\WINMM.dll
[0103/004349.090:ERROR:process_memory_win.cc(73)] ReadMemory at 0x7ffb75be0000 of 64 bytes failed: Ukoñczono tylko czêœæ ¿¹dania ReadProcessMemory lub WriteProcessMemory. (0x12B)
[0103/004349.090:WARNING:pe_image_reader.cc(340)] could not read dos header from C:\WINDOWS\SYSTEM32\UIAutomationCore.DLL
[0103/004349.090:ERROR:process_memory_win.cc(73)] ReadMemory at 0x7ffb8ca50000 of 64 bytes failed: Ukoñczono tylko czêœæ ¿¹dania ReadProcessMemory lub WriteProcessMemory. (0x12B)
[0103/004349.090:WARNING:pe_image_reader.cc(340)] could not read dos header from C:\WINDOWS\SYSTEM32\Secur32.dll
[0103/004349.090:ERROR:process_memory_win.cc(73)] ReadMemory at 0x7ffba42c0000 of 64 bytes failed: Ukoñczono tylko czêœæ ¿¹dania ReadProcessMemory lub WriteProcessMemory. (0x12B)
[0103/004349.090:WARNING:pe_image_reader.cc(340)] could not read dos header from C:\WINDOWS\SYSTEM32\USERENV.dll
[0103/004349.091:ERROR:process_memory_win.cc(73)] ReadMemory at 0x7ffb7c590000 of 64 bytes failed: Ukoñczono tylko czêœæ ¿¹dania ReadProcessMemory lub WriteProcessMemory. (0x12B)
[0103/004349.091:WARNING:pe_image_reader.cc(340)] could not read dos header from C:\WINDOWS\SYSTEM32\DWrite.dll
[0103/004349.091:ERROR:process_memory_win.cc(73)] ReadMemory at 0x7ffb88a20000 of 64 bytes failed: Ukoñczono tylko czêœæ ¿¹dania ReadProcessMemory lub WriteProcessMemory. (0x12B)
[0103/004349.091:WARNING:pe_image_reader.cc(340)] could not read dos header from C:\WINDOWS\SYSTEM32\WINSPOOL.DRV
[0103/004349.091:ERROR:process_memory_win.cc(73)] ReadMemory at 0x7ffb981c0000 of 64 bytes failed: Ukoñczono tylko czêœæ ¿¹dania ReadProcessMemory lub WriteProcessMemory. (0x12B)
[0103/004349.091:WARNING:pe_image_reader.cc(340)] could not read dos header from C:\WINDOWS\SYSTEM32\WINHTTP.dll
[0103/004349.091:ERROR:process_memory_win.cc(73)] ReadMemory at 0x7ffb9b9d0000 of 64 bytes failed: Ukoñczono tylko czêœæ ¿¹dania ReadProcessMemory lub WriteProcessMemory. (0x12B)
[0103/004349.091:WARNING:pe_image_reader.cc(340)] could not read dos header from C:\WINDOWS\SYSTEM32\dhcpcsvc.DLL
[0103/004349.091:ERROR:process_memory_win.cc(73)] ReadMemory at 0x7ffb9fc80000 of 64 bytes failed: Ukoñczono tylko czêœæ ¿¹dania ReadProcessMemory lub WriteProcessMemory. (0x12B)
[0103/004349.091:WARNING:pe_image_reader.cc(340)] could not read dos header from C:\WINDOWS\SYSTEM32\PROPSYS.dll
[0103/004349.091:ERROR:process_memory_win.cc(73)] ReadMemory at 0x7ffba4280000 of 64 bytes failed: Ukoñczono tylko czêœæ ¿¹dania ReadProcessMemory lub WriteProcessMemory. (0x12B)
[0103/004349.091:WARNING:pe_image_reader.cc(340)] could not read dos header from C:\WINDOWS\SYSTEM32\SSPICLI.DLL
[0103/004349.091:ERROR:process_memory_win.cc(73)] ReadMemory at 0x7ffba3fc0000 of 64 bytes failed: Ukoñczono tylko czêœæ ¿¹dania ReadProcessMemory lub WriteProcessMemory. (0x12B)
[0103/004349.091:WARNING:pe_image_reader.cc(340)] could not read dos header from C:\WINDOWS\System32\MSASN1.dll
[0103/004349.091:ERROR:process_memory_win.cc(73)] ReadMemory at 0x7ffba4710000 of 64 bytes failed: Ukoñczono tylko czêœæ ¿¹dania ReadProcessMemory lub WriteProcessMemory. (0x12B)
[0103/004349.091:WARNING:pe_image_reader.cc(340)] could not read dos header from C:\WINDOWS\System32\bcryptPrimitives.dll
[0103/004349.091:ERROR:process_memory_win.cc(73)] ReadMemory at 0x7ffba3d90000 of 64 bytes failed: Ukoñczono tylko czêœæ ¿¹dania ReadProcessMemory lub WriteProcessMemory. (0x12B)
[0103/004349.091:WARNING:pe_image_reader.cc(340)] could not read dos header from C:\WINDOWS\SYSTEM32\CRYPTBASE.DLL
[0103/004349.092:ERROR:process_memory_win.cc(73)] ReadMemory at 0x7ff6dfc50000 of 64 bytes failed: Ukoñczono tylko czêœæ ¿¹dania ReadProcessMemory lub WriteProcessMemory. (0x12B)
[0103/004349.092:WARNING:pe_image_reader.cc(340)] could not read dos header from C:\Program Files (x86)\Google\Chrome\Application\chrome.exe
[0103/004349.092:ERROR:process_memory_win.cc(73)] ReadMemory at 0x7ff6dfc50000 of 64 bytes failed: Ukoñczono tylko czêœæ ¿¹dania ReadProcessMemory lub WriteProcessMemory. (0x12B)
[0103/004349.092:WARNING:pe_image_reader.cc(340)] could not read dos header from C:\Program Files (x86)\Google\Chrome\Application\chrome.exe
[0103/004349.092:ERROR:process_memory_win.cc(73)] ReadMemory at 0x7ffba6c90000 of 64 bytes failed: Ukoñczono tylko czêœæ ¿¹dania ReadProcessMemory lub WriteProcessMemory. (0x12B)
[0103/004349.092:WARNING:pe_image_reader.cc(340)] could not read dos header from C:\WINDOWS\SYSTEM32\ntdll.dll
[0103/004349.092:ERROR:process_memory_win.cc(73)] ReadMemory at 0x7ffba6c90000 of 64 bytes failed: Ukoñczono tylko czêœæ ¿¹dania ReadProcessMemory lub WriteProcessMemory. (0x12B)
[0103/004349.092:WARNING:pe_image_reader.cc(340)] could not read dos header from C:\WINDOWS\SYSTEM32\ntdll.dll
[0103/004349.092:ERROR:process_memory_win.cc(73)] ReadMemory at 0x7ffba4cf0000 of 64 bytes failed: Ukoñczono tylko czêœæ ¿¹dania ReadProcessMemory lub WriteProcessMemory. (0x12B)
[0103/004349.092:WARNING:pe_image_reader.cc(340)] could not read dos header from C:\WINDOWS\System32\KERNEL32.DLL
[0103/004349.092:ERROR:process_memory_win.cc(73)] ReadMemory at 0x7ffba4cf0000 of 64 bytes failed: Ukoñczono tylko czêœæ ¿¹dania ReadProcessMemory lub WriteProcessMemory. (0x12B)
[0103/004349.092:WARNING:pe_image_reader.cc(340)] could not read dos header from C:\WINDOWS\System32\KERNEL32.DLL
[0103/004349.092:ERROR:process_memory_win.cc(73)] ReadMemory at 0x7ffba4990000 of 64 bytes failed: Ukoñczono tylko czêœæ ¿¹dania ReadProcessMemory lub WriteProcessMemory. (0x12B)
[0103/004349.092:WARNING:pe_image_reader.cc(340)] could not read dos header from C:\WINDOWS\System32\KERNELBASE.dll
[0103/004349.092:ERROR:process_memory_win.cc(73)] ReadMemory at 0x7ffba4990000 of 64 bytes failed: Ukoñczono tylko czêœæ ¿¹dania ReadProcessMemory lub WriteProcessMemory. (0x12B)
[0103/004349.092:WARNING:pe_image_reader.cc(340)] could not read dos header from C:\WINDOWS\System32\KERNELBASE.dll
[0103/004349.092:ERROR:process_memory_win.cc(73)] ReadMemory at 0x7ffb81bb0000 of 64 bytes failed: Ukoñczono tylko czêœæ ¿¹dania ReadProcessMemory lub WriteProcessMemory. (0x12B)
[0103/004349.092:WARNING:pe_image_reader.cc(340)] could not read dos header from C:\Program Files (x86)\Google\Chrome\Application\87.0.4280.88\chrome_elf.dll
[0103/004349.092:ERROR:process_memory_win.cc(73)] ReadMemory at 0x7ffb81bb0000 of 64 bytes failed: Ukoñczono tylko czêœæ ¿¹dania ReadProcessMemory lub WriteProcessMemory. (0x12B)
[0103/004349.092:WARNING:pe_image_reader.cc(340)] could not read dos header from C:\Program Files (x86)\Google\Chrome\Application\87.0.4280.88\chrome_elf.dll
[0103/004349.093:ERROR:process_memory_win.cc(73)] ReadMemory at 0x7ffb95620000 of 64 bytes failed: Ukoñczono tylko czêœæ ¿¹dania ReadProcessMemory lub WriteProcessMemory. (0x12B)
[0103/004349.093:WARNING:pe_image_reader.cc(340)] could not read dos header from C:\WINDOWS\SYSTEM32\VERSION.dll
[0103/004349.093:ERROR:process_memory_win.cc(73)] ReadMemory at 0x7ffb95620000 of 64 bytes failed: Ukoñczono tylko czêœæ ¿¹dania ReadProcessMemory lub WriteProcessMemory. (0x12B)
[0103/004349.093:WARNING:pe_image_reader.cc(340)] could not read dos header from C:\WINDOWS\SYSTEM32\VERSION.dll
[0103/004349.093:ERROR:process_memory_win.cc(73)] ReadMemory at 0x7ffba6680000 of 64 bytes failed: Ukoñczono tylko czêœæ ¿¹dania ReadProcessMemory lub WriteProcessMemory. (0x12B)
[0103/004349.093:WARNING:pe_image_reader.cc(340)] could not read dos header from C:\WINDOWS\System32\msvcrt.dll
[0103/004349.093:ERROR:process_memory_win.cc(73)] ReadMemory at 0x7ffba6680000 of 64 bytes failed: Ukoñczono tylko czêœæ ¿¹dania ReadProcessMemory lub WriteProcessMemory. (0x12B)
[0103/004349.093:WARNING:pe_image_reader.cc(340)] could not read dos header from C:\WINDOWS\System32\msvcrt.dll
[0103/004349.093:ERROR:process_memory_win.cc(73)] ReadMemory at 0x7ffba64d0000 of 64 bytes failed: Ukoñczono tylko czêœæ ¿¹dania ReadProcessMemory lub WriteProcessMemory. (0x12B)
[0103/004349.093:WARNING:pe_image_reader.cc(340)] could not read dos header from C:\WINDOWS\System32\ADVAPI32.dll
[0103/004349.093:ERROR:process_memory_win.cc(73)] ReadMemory at 0x7ffba64d0000 of 64 bytes failed: Ukoñczono tylko czêœæ ¿¹dania ReadProcessMemory lub WriteProcessMemory. (0x12B)
[0103/004349.093:WARNING:pe_image_reader.cc(340)] could not read dos header from C:\WINDOWS\System32\ADVAPI32.dll
[0103/004349.093:ERROR:process_memory_win.cc(73)] ReadMemory at 0x7ffba6350000 of 64 bytes failed: Ukoñczono tylko czêœæ ¿¹dania ReadProcessMemory lub WriteProcessMemory. (0x12B)
[0103/004349.093:WARNING:pe_image_reader.cc(340)] could not read dos header from C:\WINDOWS\System32\sechost.dll
[0103/004349.093:ERROR:process_memory_win.cc(73)] ReadMemory at 0x7ffba6350000 of 64 bytes failed: Ukoñczono tylko czêœæ ¿¹dania ReadProcessMemory lub WriteProcessMemory. (0x12B)
[0103/004349.093:WARNING:pe_image_reader.cc(340)] could not read dos header from C:\WINDOWS\System32\sechost.dll
[0103/004349.093:ERROR:process_memory_win.cc(73)] ReadMemory at 0x7ffba58e0000 of 64 bytes failed: Ukoñczono tylko czêœæ ¿¹dania ReadProcessMemory lub WriteProcessMemory. (0x12B)
[0103/004349.093:WARNING:pe_image_reader.cc(340)] could not read dos header from C:\WINDOWS\System32\RPCRT4.dll
[0103/004349.094:ERROR:process_memory_win.cc(73)] ReadMemory at 0x7ffba58e0000 of 64 bytes failed: Ukoñczono tylko czêœæ ¿¹dania ReadProcessMemory lub WriteProcessMemory. (0x12B)
[0103/004349.094:WARNING:pe_image_reader.cc(340)] could not read dos header from C:\WINDOWS\System32\RPCRT4.dll
[0103/004349.094:ERROR:process_memory_win.cc(73)] ReadMemory at 0x7ffb35be0000 of 64 bytes failed: Ukoñczono tylko czêœæ ¿¹dania ReadProcessMemory lub WriteProcessMemory. (0x12B)
[0103/004349.094:WARNING:pe_image_reader.cc(340)] could not read dos header from C:\Program Files (x86)\Google\Chrome\Application\87.0.4280.88\chrome.dll
[0103/004349.094:ERROR:process_memory_win.cc(73)] ReadMemory at 0x7ffb35be0000 of 64 bytes failed: Ukoñczono tylko czêœæ ¿¹dania ReadProcessMemory lub WriteProcessMemory. (0x12B)
[0103/004349.094:WARNING:pe_image_reader.cc(340)] could not read dos header from C:\Program Files (x86)\Google\Chrome\Application\87.0.4280.88\chrome.dll
[0103/004349.094:ERROR:process_memory_win.cc(73)] ReadMemory at 0x7ffba5a50000 of 64 bytes failed: Ukoñczono tylko czêœæ ¿¹dania ReadProcessMemory lub WriteProcessMemory. (0x12B)
[0103/004349.094:WARNING:pe_image_reader.cc(340)] could not read dos header from C:\WINDOWS\System32\WS2_32.dll
[0103/004349.094:ERROR:process_memory_win.cc(73)] ReadMemory at 0x7ffba5a50000 of 64 bytes failed: Ukoñczono tylko czêœæ ¿¹dania ReadProcessMemory lub WriteProcessMemory. (0x12B)
[0103/004349.094:WARNING:pe_image_reader.cc(340)] could not read dos header from C:\WINDOWS\System32\WS2_32.dll
[0103/004349.094:ERROR:process_memory_win.cc(73)] ReadMemory at 0x7ffba6580000 of 64 bytes failed: Ukoñczono tylko czêœæ ¿¹dania ReadProcessMemory lub WriteProcessMemory. (0x12B)
[0103/004349.094:WARNING:pe_image_reader.cc(340)] could not read dos header from C:\WINDOWS\System32\OLEAUT32.dll
[0103/004349.094:ERROR:process_memory_win.cc(73)] ReadMemory at 0x7ffba6580000 of 64 bytes failed: Ukoñczono tylko czêœæ ¿¹dania ReadProcessMemory lub WriteProcessMemory. (0x12B)
[0103/004349.094:WARNING:pe_image_reader.cc(340)] could not read dos header from C:\WINDOWS\System32\OLEAUT32.dll
[0103/004349.094:ERROR:process_memory_win.cc(73)] ReadMemory at 0x7ffba48f0000 of 64 bytes failed: Ukoñczono tylko czêœæ ¿¹dania ReadProcessMemory lub WriteProcessMemory. (0x12B)
[0103/004349.094:WARNING:pe_image_reader.cc(340)] could not read dos header from C:\WINDOWS\System32\msvcp_win.dll
[0103/004349.094:ERROR:process_memory_win.cc(73)] ReadMemory at 0x7ffba48f0000 of 64 bytes failed: Ukoñczono tylko czêœæ ¿¹dania ReadProcessMemory lub WriteProcessMemory. (0x12B)
[0103/004349.094:WARNING:pe_image_reader.cc(340)] could not read dos header from C:\WINDOWS\System32\msvcp_win.dll
[0103/004349.094:ERROR:process_memory_win.cc(73)] ReadMemory at 0x7ffba43d0000 of 64 bytes failed: Ukoñczono tylko czêœæ ¿¹dania ReadProcessMemory lub WriteProcessMemory. (0x12B)
[0103/004349.095:WARNING:pe_image_reader.cc(340)] could not read dos header from C:\WINDOWS\System32\ucrtbase.dll
[0103/004349.095:ERROR:process_memory_win.cc(73)] ReadMemory at 0x7ffba43d0000 of 64 bytes failed: Ukoñczono tylko czêœæ ¿¹dania ReadProcessMemory lub WriteProcessMemory. (0x12B)
[0103/004349.095:WARNING:pe_image_reader.cc(340)] could not read dos header from C:\WINDOWS\System32\ucrtbase.dll
[0103/004349.095:ERROR:process_memory_win.cc(73)] ReadMemory at 0x7ffba6850000 of 64 bytes failed: Ukoñczono tylko czêœæ ¿¹dania ReadProcessMemory lub WriteProcessMemory. (0x12B)
[0103/004349.095:WARNING:pe_image_reader.cc(340)] could not read dos header from C:\WINDOWS\System32\combase.dll
[0103/004349.095:ERROR:process_memory_win.cc(73)] ReadMemory at 0x7ffba6850000 of 64 bytes failed: Ukoñczono tylko czêœæ ¿¹dania ReadProcessMemory lub WriteProcessMemory. (0x12B)
[0103/004349.095:WARNING:pe_image_reader.cc(340)] could not read dos header from C:\WINDOWS\System32\combase.dll
[0103/004349.095:ERROR:process_memory_win.cc(73)] ReadMemory at 0x7ffba4c90000 of 64 bytes failed: Ukoñczono tylko czêœæ ¿¹dania ReadProcessMemory lub WriteProcessMemory. (0x12B)
[0103/004349.095:WARNING:pe_image_reader.cc(340)] could not read dos header from C:\WINDOWS\System32\WINTRUST.dll
[0103/004349.095:ERROR:process_memory_win.cc(73)] ReadMemory at 0x7ffba4c90000 of 64 bytes failed: Ukoñczono tylko czêœæ ¿¹dania ReadProcessMemory lub WriteProcessMemory. (0x12B)
[0103/004349.095:WARNING:pe_image_reader.cc(340)] could not read dos header from C:\WINDOWS\System32\WINTRUST.dll
[0103/004349.095:ERROR:process_memory_win.cc(73)] ReadMemory at 0x7ffba4790000 of 64 bytes failed: Ukoñczono tylko czêœæ ¿¹dania ReadProcessMemory lub WriteProcessMemory. (0x12B)
[0103/004349.095:WARNING:pe_image_reader.cc(340)] could not read dos header from C:\WINDOWS\System32\CRYPT32.dll
[0103/004349.095:ERROR:process_memory_win.cc(73)] ReadMemory at 0x7ffba4790000 of 64 bytes failed: Ukoñczono tylko czêœæ ¿¹dania ReadProcessMemory lub WriteProcessMemory. (0x12B)
[0103/004349.095:WARNING:pe_image_reader.cc(340)] could not read dos header from C:\WINDOWS\System32\CRYPT32.dll
[0103/004349.095:ERROR:process_memory_win.cc(73)] ReadMemory at 0x7ffb946b0000 of 64 bytes failed: Ukoñczono tylko czêœæ ¿¹dania ReadProcessMemory lub WriteProcessMemory. (0x12B)
[0103/004349.095:WARNING:pe_image_reader.cc(340)] could not read dos header from C:\WINDOWS\SYSTEM32\dbghelp.dll
[0103/004349.095:ERROR:process_memory_win.cc(73)] ReadMemory at 0x7ffb946b0000 of 64 bytes failed: Ukoñczono tylko czêœæ ¿¹dania ReadProcessMemory lub WriteProcessMemory. (0x12B)
[0103/004349.095:WARNING:pe_image_reader.cc(340)] could not read dos header from C:\WINDOWS\SYSTEM32\dbghelp.dll
[0103/004349.096:ERROR:process_memory_win.cc(73)] ReadMemory at 0x7ffba3830000 of 64 bytes failed: Ukoñczono tylko czêœæ ¿¹dania ReadProcessMemory lub WriteProcessMemory. (0x12B)
[0103/004349.096:WARNING:pe_image_reader.cc(340)] could not read dos header from C:\WINDOWS\SYSTEM32\IPHLPAPI.DLL
[0103/004349.096:ERROR:process_memory_win.cc(73)] ReadMemory at 0x7ffba3830000 of 64 bytes failed: Ukoñczono tylko czêœæ ¿¹dania ReadProcessMemory lub WriteProcessMemory. (0x12B)
[0103/004349.096:WARNING:pe_image_reader.cc(340)] could not read dos header from C:\WINDOWS\SYSTEM32\IPHLPAPI.DLL
[0103/004349.096:ERROR:process_memory_win.cc(73)] ReadMemory at 0x7ffb96880000 of 64 bytes failed: Ukoñczono tylko czêœæ ¿¹dania ReadProcessMemory lub WriteProcessMemory. (0x12B)
[0103/004349.096:WARNING:pe_image_reader.cc(340)] could not read dos header from C:\WINDOWS\SYSTEM32\WINMM.dll
[0103/004349.096:ERROR:process_memory_win.cc(73)] ReadMemory at 0x7ffb96880000 of 64 bytes failed: Ukoñczono tylko czêœæ ¿¹dania ReadProcessMemory lub WriteProcessMemory. (0x12B)
[0103/004349.096:WARNING:pe_image_reader.cc(340)] could not read dos header from C:\WINDOWS\SYSTEM32\WINMM.dll
[0103/004349.096:ERROR:process_memory_win.cc(73)] ReadMemory at 0x7ffb75be0000 of 64 bytes failed: Ukoñczono tylko czêœæ ¿¹dania ReadProcessMemory lub WriteProcessMemory. (0x12B)
[0103/004349.096:WARNING:pe_image_reader.cc(340)] could not read dos header from C:\WINDOWS\SYSTEM32\UIAutomationCore.DLL
[0103/004349.096:ERROR:process_memory_win.cc(73)] ReadMemory at 0x7ffb75be0000 of 64 bytes failed: Ukoñczono tylko czêœæ ¿¹dania ReadProcessMemory lub WriteProcessMemory. (0x12B)
[0103/004349.096:WARNING:pe_image_reader.cc(340)] could not read dos header from C:\WINDOWS\SYSTEM32\UIAutomationCore.DLL
[0103/004349.096:ERROR:process_memory_win.cc(73)] ReadMemory at 0x7ffb8ca50000 of 64 bytes failed: Ukoñczono tylko czêœæ ¿¹dania ReadProcessMemory lub WriteProcessMemory. (0x12B)
[0103/004349.096:WARNING:pe_image_reader.cc(340)] could not read dos header from C:\WINDOWS\SYSTEM32\Secur32.dll
[0103/004349.096:ERROR:process_memory_win.cc(73)] ReadMemory at 0x7ffb8ca50000 of 64 bytes failed: Ukoñczono tylko czêœæ ¿¹dania ReadProcessMemory lub WriteProcessMemory. (0x12B)
[0103/004349.096:WARNING:pe_image_reader.cc(340)] could not read dos header from C:\WINDOWS\SYSTEM32\Secur32.dll
[0103/004349.096:ERROR:process_memory_win.cc(73)] ReadMemory at 0x7ffba42c0000 of 64 bytes failed: Ukoñczono tylko czêœæ ¿¹dania ReadProcessMemory lub WriteProcessMemory. (0x12B)
[0103/004349.096:WARNING:pe_image_reader.cc(340)] could not read dos header from C:\WINDOWS\SYSTEM32\USERENV.dll
[0103/004349.096:ERROR:process_memory_win.cc(73)] ReadMemory at 0x7ffba42c0000 of 64 bytes failed: Ukoñczono tylko czêœæ ¿¹dania ReadProcessMemory lub WriteProcessMemory. (0x12B)
[0103/004349.097:WARNING:pe_image_reader.cc(340)] could not read dos header from C:\WINDOWS\SYSTEM32\USERENV.dll
[0103/004349.097:ERROR:process_memory_win.cc(73)] ReadMemory at 0x7ffb7c590000 of 64 bytes failed: Ukoñczono tylko czêœæ ¿¹dania ReadProcessMemory lub WriteProcessMemory. (0x12B)
[0103/004349.097:WARNING:pe_image_reader.cc(340)] could not read dos header from C:\WINDOWS\SYSTEM32\DWrite.dll
[0103/004349.097:ERROR:process_memory_win.cc(73)] ReadMemory at 0x7ffb7c590000 of 64 bytes failed: Ukoñczono tylko czêœæ ¿¹dania ReadProcessMemory lub WriteProcessMemory. (0x12B)
[0103/004349.097:WARNING:pe_image_reader.cc(340)] could not read dos header from C:\WINDOWS\SYSTEM32\DWrite.dll
[0103/004349.097:ERROR:process_memory_win.cc(73)] ReadMemory at 0x7ffb88a20000 of 64 bytes failed: Ukoñczono tylko czêœæ ¿¹dania ReadProcessMemory lub WriteProcessMemory. (0x12B)
[0103/004349.097:WARNING:pe_image_reader.cc(340)] could not read dos header from C:\WINDOWS\SYSTEM32\WINSPOOL.DRV
[0103/004349.097:ERROR:process_memory_win.cc(73)] ReadMemory at 0x7ffb88a20000 of 64 bytes failed: Ukoñczono tylko czêœæ ¿¹dania ReadProcessMemory lub WriteProcessMemory. (0x12B)
[0103/004349.097:WARNING:pe_image_reader.cc(340)] could not read dos header from C:\WINDOWS\SYSTEM32\WINSPOOL.DRV
[0103/004349.097:ERROR:process_memory_win.cc(73)] ReadMemory at 0x7ffb981c0000 of 64 bytes failed: Ukoñczono tylko czêœæ ¿¹dania ReadProcessMemory lub WriteProcessMemory. (0x12B)
[0103/004349.097:WARNING:pe_image_reader.cc(340)] could not read dos header from C:\WINDOWS\SYSTEM32\WINHTTP.dll
[0103/004349.097:ERROR:process_memory_win.cc(73)] ReadMemory at 0x7ffb981c0000 of 64 bytes failed: Ukoñczono tylko czêœæ ¿¹dania ReadProcessMemory lub WriteProcessMemory. (0x12B)
[0103/004349.097:WARNING:pe_image_reader.cc(340)] could not read dos header from C:\WINDOWS\SYSTEM32\WINHTTP.dll
[0103/004349.097:ERROR:process_memory_win.cc(73)] ReadMemory at 0x7ffb9b9d0000 of 64 bytes failed: Ukoñczono tylko czêœæ ¿¹dania ReadProcessMemory lub WriteProcessMemory. (0x12B)
[0103/004349.097:WARNING:pe_image_reader.cc(340)] could not read dos header from C:\WINDOWS\SYSTEM32\dhcpcsvc.DLL
[0103/004349.097:ERROR:process_memory_win.cc(73)] ReadMemory at 0x7ffb9b9d0000 of 64 bytes failed: Ukoñczono tylko czêœæ ¿¹dania ReadProcessMemory lub WriteProcessMemory. (0x12B)
[0103/004349.097:WARNING:pe_image_reader.cc(340)] could not read dos header from C:\WINDOWS\SYSTEM32\dhcpcsvc.DLL
[0103/004349.097:ERROR:process_memory_win.cc(73)] ReadMemory at 0x7ffb9fc80000 of 64 bytes failed: Ukoñczono tylko czêœæ ¿¹dania ReadProcessMemory lub WriteProcessMemory. (0x12B)
[0103/004349.097:WARNING:pe_image_reader.cc(340)] could not read dos header from C:\WINDOWS\SYSTEM32\PROPSYS.dll
[0103/004349.098:ERROR:process_memory_win.cc(73)] ReadMemory at 0x7ffb9fc80000 of 64 bytes failed: Ukoñczono tylko czêœæ ¿¹dania ReadProcessMemory lub WriteProcessMemory. (0x12B)
[0103/004349.098:WARNING:pe_image_reader.cc(340)] could not read dos header from C:\WINDOWS\SYSTEM32\PROPSYS.dll
[0103/004349.098:ERROR:process_memory_win.cc(73)] ReadMemory at 0x7ffba4280000 of 64 bytes failed: Ukoñczono tylko czêœæ ¿¹dania ReadProcessMemory lub WriteProcessMemory. (0x12B)
[0103/004349.098:WARNING:pe_image_reader.cc(340)] could not read dos header from C:\WINDOWS\SYSTEM32\SSPICLI.DLL
[0103/004349.098:ERROR:process_memory_win.cc(73)] ReadMemory at 0x7ffba4280000 of 64 bytes failed: Ukoñczono tylko czêœæ ¿¹dania ReadProcessMemory lub WriteProcessMemory. (0x12B)
[0103/004349.098:WARNING:pe_image_reader.cc(340)] could not read dos header from C:\WINDOWS\SYSTEM32\SSPICLI.DLL
[0103/004349.098:ERROR:process_memory_win.cc(73)] ReadMemory at 0x7ffba3fc0000 of 64 bytes failed: Ukoñczono tylko czêœæ ¿¹dania ReadProcessMemory lub WriteProcessMemory. (0x12B)
[0103/004349.098:WARNING:pe_image_reader.cc(340)] could not read dos header from C:\WINDOWS\System32\MSASN1.dll
[0103/004349.098:ERROR:process_memory_win.cc(73)] ReadMemory at 0x7ffba3fc0000 of 64 bytes failed: Ukoñczono tylko czêœæ ¿¹dania ReadProcessMemory lub WriteProcessMemory. (0x12B)
[0103/004349.098:WARNING:pe_image_reader.cc(340)] could not read dos header from C:\WINDOWS\System32\MSASN1.dll
[0103/004349.098:ERROR:process_memory_win.cc(73)] ReadMemory at 0x7ffba4710000 of 64 bytes failed: Ukoñczono tylko czêœæ ¿¹dania ReadProcessMemory lub WriteProcessMemory. (0x12B)
[0103/004349.098:WARNING:pe_image_reader.cc(340)] could not read dos header from C:\WINDOWS\System32\bcryptPrimitives.dll
[0103/004349.098:ERROR:process_memory_win.cc(73)] ReadMemory at 0x7ffba4710000 of 64 bytes failed: Ukoñczono tylko czêœæ ¿¹dania ReadProcessMemory lub WriteProcessMemory. (0x12B)
[0103/004349.098:WARNING:pe_image_reader.cc(340)] could not read dos header from C:\WINDOWS\System32\bcryptPrimitives.dll
[0103/004349.098:ERROR:process_memory_win.cc(73)] ReadMemory at 0x7ffba3d90000 of 64 bytes failed: Ukoñczono tylko czêœæ ¿¹dania ReadProcessMemory lub WriteProcessMemory. (0x12B)
[0103/004349.098:WARNING:pe_image_reader.cc(340)] could not read dos header from C:\WINDOWS\SYSTEM32\CRYPTBASE.DLL
[0103/004349.098:ERROR:process_memory_win.cc(73)] ReadMemory at 0x7ffba3d90000 of 64 bytes failed: Ukoñczono tylko czêœæ ¿¹dania ReadProcessMemory lub WriteProcessMemory. (0x12B)
[0103/004349.098:WARNING:pe_image_reader.cc(340)] could not read dos header from C:\WINDOWS\SYSTEM32\CRYPTBASE.DLL
[0103/004349.766:ERROR:process_memory_win.cc(73)] ReadMemory at 0x7ff6dfc50000 of 64 bytes failed: Ukoñczono tylko czêœæ ¿¹dania ReadProcessMemory lub WriteProcessMemory. (0x12B)
[0103/004349.767:WARNING:pe_image_reader.cc(340)] could not read dos header from C:\Program Files (x86)\Google\Chrome\Application\chrome.exe
[0103/004349.767:ERROR:process_memory_win.cc(73)] ReadMemory at 0x7ffba6c90000 of 64 bytes failed: Ukoñczono tylko czêœæ ¿¹dania ReadProcessMemory lub WriteProcessMemory. (0x12B)
[0103/004349.767:WARNING:pe_image_reader.cc(340)] could not read dos header from C:\WINDOWS\SYSTEM32\ntdll.dll
[0103/004349.767:ERROR:process_memory_win.cc(73)] ReadMemory at 0x7ffba4cf0000 of 64 bytes failed: Ukoñczono tylko czêœæ ¿¹dania ReadProcessMemory lub WriteProcessMemory. (0x12B)
[0103/004349.767:WARNING:pe_image_reader.cc(340)] could not read dos header from C:\WINDOWS\System32\KERNEL32.DLL
[0103/004349.767:ERROR:process_memory_win.cc(73)] ReadMemory at 0x7ffba4990000 of 64 bytes failed: Ukoñczono tylko czêœæ ¿¹dania ReadProcessMemory lub WriteProcessMemory. (0x12B)
[0103/004349.767:WARNING:pe_image_reader.cc(340)] could not read dos header from C:\WINDOWS\System32\KERNELBASE.dll
[0103/004349.767:ERROR:process_memory_win.cc(73)] ReadMemory at 0x7ffb81bb0000 of 64 bytes failed: Ukoñczono tylko czêœæ ¿¹dania ReadProcessMemory lub WriteProcessMemory. (0x12B)
[0103/004349.767:WARNING:pe_image_reader.cc(340)] could not read dos header from C:\Program Files (x86)\Google\Chrome\Application\87.0.4280.88\chrome_elf.dll
[0103/004349.767:ERROR:process_memory_win.cc(73)] ReadMemory at 0x7ffb95620000 of 64 bytes failed: Ukoñczono tylko czêœæ ¿¹dania ReadProcessMemory lub WriteProcessMemory. (0x12B)
[0103/004349.767:WARNING:pe_image_reader.cc(340)] could not read dos header from C:\WINDOWS\SYSTEM32\VERSION.dll
[0103/004349.767:ERROR:process_memory_win.cc(73)] ReadMemory at 0x7ffba6680000 of 64 bytes failed: Ukoñczono tylko czêœæ ¿¹dania ReadProcessMemory lub WriteProcessMemory. (0x12B)
[0103/004349.767:WARNING:pe_image_reader.cc(340)] could not read dos header from C:\WINDOWS\System32\msvcrt.dll
[0103/004349.767:ERROR:process_memory_win.cc(73)] ReadMemory at 0x7ffba64d0000 of 64 bytes failed: Ukoñczono tylko czêœæ ¿¹dania ReadProcessMemory lub WriteProcessMemory. (0x12B)
[0103/004349.767:WARNING:pe_image_reader.cc(340)] could not read dos header from C:\WINDOWS\System32\ADVAPI32.dll
[0103/004349.767:ERROR:process_memory_win.cc(73)] ReadMemory at 0x7ffba6350000 of 64 bytes failed: Ukoñczono tylko czêœæ ¿¹dania ReadProcessMemory lub WriteProcessMemory. (0x12B)
[0103/004349.767:WARNING:pe_image_reader.cc(340)] could not read dos header from C:\WINDOWS\System32\sechost.dll
[0103/004349.767:ERROR:process_memory_win.cc(73)] ReadMemory at 0x7ffba58e0000 of 64 bytes failed: Ukoñczono tylko czêœæ ¿¹dania ReadProcessMemory lub WriteProcessMemory. (0x12B)
[0103/004349.768:WARNING:pe_image_reader.cc(340)] could not read dos header from C:\WINDOWS\System32\RPCRT4.dll
[0103/004349.768:ERROR:process_memory_win.cc(73)] ReadMemory at 0x7ffb35be0000 of 64 bytes failed: Ukoñczono tylko czêœæ ¿¹dania ReadProcessMemory lub WriteProcessMemory. (0x12B)
[0103/004349.768:WARNING:pe_image_reader.cc(340)] could not read dos header from C:\Program Files (x86)\Google\Chrome\Application\87.0.4280.88\chrome.dll
[0103/004349.768:ERROR:process_memory_win.cc(73)] ReadMemory at 0x7ffba5a50000 of 64 bytes failed: Ukoñczono tylko czêœæ ¿¹dania ReadProcessMemory lub WriteProcessMemory. (0x12B)
[0103/004349.768:WARNING:pe_image_reader.cc(340)] could not read dos header from C:\WINDOWS\System32\WS2_32.dll
[0103/004349.768:ERROR:process_memory_win.cc(73)] ReadMemory at 0x7ffba6580000 of 64 bytes failed: Ukoñczono tylko czêœæ ¿¹dania ReadProcessMemory lub WriteProcessMemory. (0x12B)
[0103/004349.768:WARNING:pe_image_reader.cc(340)] could not read dos header from C:\WINDOWS\System32\OLEAUT32.dll
[0103/004349.768:ERROR:process_memory_win.cc(73)] ReadMemory at 0x7ffba48f0000 of 64 bytes failed: Ukoñczono tylko czêœæ ¿¹dania ReadProcessMemory lub WriteProcessMemory. (0x12B)
[0103/004349.768:WARNING:pe_image_reader.cc(340)] could not read dos header from C:\WINDOWS\System32\msvcp_win.dll
[0103/004349.768:ERROR:process_memory_win.cc(73)] ReadMemory at 0x7ffba43d0000 of 64 bytes failed: Ukoñczono tylko czêœæ ¿¹dania ReadProcessMemory lub WriteProcessMemory. (0x12B)
[0103/004349.768:WARNING:pe_image_reader.cc(340)] could not read dos header from C:\WINDOWS\System32\ucrtbase.dll
[0103/004349.768:ERROR:process_memory_win.cc(73)] ReadMemory at 0x7ffba6850000 of 64 bytes failed: Ukoñczono tylko czêœæ ¿¹dania ReadProcessMemory lub WriteProcessMemory. (0x12B)
[0103/004349.768:WARNING:pe_image_reader.cc(340)] could not read dos header from C:\WINDOWS\System32\combase.dll
[0103/004349.768:ERROR:process_memory_win.cc(73)] ReadMemory at 0x7ffba4c90000 of 64 bytes failed: Ukoñczono tylko czêœæ ¿¹dania ReadProcessMemory lub WriteProcessMemory. (0x12B)
[0103/004349.768:WARNING:pe_image_reader.cc(340)] could not read dos header from C:\WINDOWS\System32\WINTRUST.dll
[0103/004349.768:ERROR:process_memory_win.cc(73)] ReadMemory at 0x7ffba4790000 of 64 bytes failed: Ukoñczono tylko czêœæ ¿¹dania ReadProcessMemory lub WriteProcessMemory. (0x12B)
[0103/004349.768:WARNING:pe_image_reader.cc(340)] could not read dos header from C:\WINDOWS\System32\CRYPT32.dll
[0103/004349.768:ERROR:process_memory_win.cc(73)] ReadMemory at 0x7ffb946b0000 of 64 bytes failed: Ukoñczono tylko czêœæ ¿¹dania ReadProcessMemory lub WriteProcessMemory. (0x12B)
[0103/004349.768:WARNING:pe_image_reader.cc(340)] could not read dos header from C:\WINDOWS\SYSTEM32\dbghelp.dll
[0103/004349.768:ERROR:process_memory_win.cc(73)] ReadMemory at 0x7ffba3830000 of 64 bytes failed: Ukoñczono tylko czêœæ ¿¹dania ReadProcessMemory lub WriteProcessMemory. (0x12B)
[0103/004349.768:WARNING:pe_image_reader.cc(340)] could not read dos header from C:\WINDOWS\SYSTEM32\IPHLPAPI.DLL
[0103/004349.769:ERROR:process_memory_win.cc(73)] ReadMemory at 0x7ffb96880000 of 64 bytes failed: Ukoñczono tylko czêœæ ¿¹dania ReadProcessMemory lub WriteProcessMemory. (0x12B)
[0103/004349.769:WARNING:pe_image_reader.cc(340)] could not read dos header from C:\WINDOWS\SYSTEM32\WINMM.dll
[0103/004349.769:ERROR:process_memory_win.cc(73)] ReadMemory at 0x7ffb75be0000 of 64 bytes failed: Ukoñczono tylko czêœæ ¿¹dania ReadProcessMemory lub WriteProcessMemory. (0x12B)
[0103/004349.769:WARNING:pe_image_reader.cc(340)] could not read dos header from C:\WINDOWS\SYSTEM32\UIAutomationCore.DLL
[0103/004349.769:ERROR:process_memory_win.cc(73)] ReadMemory at 0x7ffb8ca50000 of 64 bytes failed: Ukoñczono tylko czêœæ ¿¹dania ReadProcessMemory lub WriteProcessMemory. (0x12B)
[0103/004349.769:WARNING:pe_image_reader.cc(340)] could not read dos header from C:\WINDOWS\SYSTEM32\Secur32.dll
[0103/004349.769:ERROR:process_memory_win.cc(73)] ReadMemory at 0x7ffba42c0000 of 64 bytes failed: Ukoñczono tylko czêœæ ¿¹dania ReadProcessMemory lub WriteProcessMemory. (0x12B)
[0103/004349.769:WARNING:pe_image_reader.cc(340)] could not read dos header from C:\WINDOWS\SYSTEM32\USERENV.dll
[0103/004349.769:ERROR:process_memory_win.cc(73)] ReadMemory at 0x7ffb7c590000 of 64 bytes failed: Ukoñczono tylko czêœæ ¿¹dania ReadProcessMemory lub WriteProcessMemory. (0x12B)
[0103/004349.769:WARNING:pe_image_reader.cc(340)] could not read dos header from C:\WINDOWS\SYSTEM32\DWrite.dll
[0103/004349.769:ERROR:process_memory_win.cc(73)] ReadMemory at 0x7ffb88a20000 of 64 bytes failed: Ukoñczono tylko czêœæ ¿¹dania ReadProcessMemory lub WriteProcessMemory. (0x12B)
[0103/004349.769:WARNING:pe_image_reader.cc(340)] could not read dos header from C:\WINDOWS\SYSTEM32\WINSPOOL.DRV
[0103/004349.769:ERROR:process_memory_win.cc(73)] ReadMemory at 0x7ffb981c0000 of 64 bytes failed: Ukoñczono tylko czêœæ ¿¹dania ReadProcessMemory lub WriteProcessMemory. (0x12B)
[0103/004349.769:WARNING:pe_image_reader.cc(340)] could not read dos header from C:\WINDOWS\SYSTEM32\WINHTTP.dll
[0103/004349.769:ERROR:process_memory_win.cc(73)] ReadMemory at 0x7ffb9b9d0000 of 64 bytes failed: Ukoñczono tylko czêœæ ¿¹dania ReadProcessMemory lub WriteProcessMemory. (0x12B)
[0103/004349.769:WARNING:pe_image_reader.cc(340)] could not read dos header from C:\WINDOWS\SYSTEM32\dhcpcsvc.DLL
[0103/004349.769:ERROR:process_memory_win.cc(73)] ReadMemory at 0x7ffb9fc80000 of 64 bytes failed: Ukoñczono tylko czêœæ ¿¹dania ReadProcessMemory lub WriteProcessMemory. (0x12B)
[0103/004349.769:WARNING:pe_image_reader.cc(340)] could not read dos header from C:\WINDOWS\SYSTEM32\PROPSYS.dll
[0103/004349.769:ERROR:process_memory_win.cc(73)] ReadMemory at 0x7ffba4280000 of 64 bytes failed: Ukoñczono tylko czêœæ ¿¹dania ReadProcessMemory lub WriteProcessMemory. (0x12B)
[0103/004349.770:WARNING:pe_image_reader.cc(340)] could not read dos header from C:\WINDOWS\SYSTEM32\SSPICLI.DLL
[0103/004349.770:ERROR:process_memory_win.cc(73)] ReadMemory at 0x7ffba3fc0000 of 64 bytes failed: Ukoñczono tylko czêœæ ¿¹dania ReadProcessMemory lub WriteProcessMemory. (0x12B)
[0103/004349.770:WARNING:pe_image_reader.cc(340)] could not read dos header from C:\WINDOWS\System32\MSASN1.dll
[0103/004349.770:ERROR:process_memory_win.cc(73)] ReadMemory at 0x7ffba4710000 of 64 bytes failed: Ukoñczono tylko czêœæ ¿¹dania ReadProcessMemory lub WriteProcessMemory. (0x12B)
[0103/004349.770:WARNING:pe_image_reader.cc(340)] could not read dos header from C:\WINDOWS\System32\bcryptPrimitives.dll
[0103/004349.770:ERROR:process_memory_win.cc(73)] ReadMemory at 0x7ffba3d90000 of 64 bytes failed: Ukoñczono tylko czêœæ ¿¹dania ReadProcessMemory lub WriteProcessMemory. (0x12B)
[0103/004349.770:WARNING:pe_image_reader.cc(340)] could not read dos header from C:\WINDOWS\SYSTEM32\CRYPTBASE.DLL
[0103/004349.780:ERROR:process_memory_win.cc(73)] ReadMemory at 0x7ff6dfc50000 of 64 bytes failed: Ukoñczono tylko czêœæ ¿¹dania ReadProcessMemory lub WriteProcessMemory. (0x12B)
[0103/004349.780:WARNING:pe_image_reader.cc(340)] could not read dos header from C:\Program Files (x86)\Google\Chrome\Application\chrome.exe
[0103/004349.780:ERROR:process_memory_win.cc(73)] ReadMemory at 0x7ffba6c90000 of 64 bytes failed: Ukoñczono tylko czêœæ ¿¹dania ReadProcessMemory lub WriteProcessMemory. (0x12B)
[0103/004349.780:WARNING:pe_image_reader.cc(340)] could not read dos header from C:\WINDOWS\SYSTEM32\ntdll.dll
[0103/004349.780:ERROR:process_memory_win.cc(73)] ReadMemory at 0x7ffba4cf0000 of 64 bytes failed: Ukoñczono tylko czêœæ ¿¹dania ReadProcessMemory lub WriteProcessMemory. (0x12B)
[0103/004349.780:WARNING:pe_image_reader.cc(340)] could not read dos header from C:\WINDOWS\System32\KERNEL32.DLL
[0103/004349.780:ERROR:process_memory_win.cc(73)] ReadMemory at 0x7ffba4990000 of 64 bytes failed: Ukoñczono tylko czêœæ ¿¹dania ReadProcessMemory lub WriteProcessMemory. (0x12B)
[0103/004349.780:WARNING:pe_image_reader.cc(340)] could not read dos header from C:\WINDOWS\System32\KERNELBASE.dll
[0103/004349.780:ERROR:process_memory_win.cc(73)] ReadMemory at 0x7ffb81bb0000 of 64 bytes failed: Ukoñczono tylko czêœæ ¿¹dania ReadProcessMemory lub WriteProcessMemory. (0x12B)
[0103/004349.780:WARNING:pe_image_reader.cc(340)] could not read dos header from C:\Program Files (x86)\Google\Chrome\Application\87.0.4280.88\chrome_elf.dll
[0103/004349.780:ERROR:process_memory_win.cc(73)] ReadMemory at 0x7ffb95620000 of 64 bytes failed: Ukoñczono tylko czêœæ ¿¹dania ReadProcessMemory lub WriteProcessMemory. (0x12B)
[0103/004349.780:WARNING:pe_image_reader.cc(340)] could not read dos header from C:\WINDOWS\SYSTEM32\VERSION.dll
[0103/004349.780:ERROR:process_memory_win.cc(73)] ReadMemory at 0x7ffba6680000 of 64 bytes failed: Ukoñczono tylko czêœæ ¿¹dania ReadProcessMemory lub WriteProcessMemory. (0x12B)
[0103/004349.780:WARNING:pe_image_reader.cc(340)] could not read dos header from C:\WINDOWS\System32\msvcrt.dll
[0103/004349.781:ERROR:process_memory_win.cc(73)] ReadMemory at 0x7ffba64d0000 of 64 bytes failed: Ukoñczono tylko czêœæ ¿¹dania ReadProcessMemory lub WriteProcessMemory. (0x12B)
[0103/004349.781:WARNING:pe_image_reader.cc(340)] could not read dos header from C:\WINDOWS\System32\ADVAPI32.dll
[0103/004349.781:ERROR:process_memory_win.cc(73)] ReadMemory at 0x7ffba6350000 of 64 bytes failed: Ukoñczono tylko czêœæ ¿¹dania ReadProcessMemory lub WriteProcessMemory. (0x12B)
[0103/004349.781:WARNING:pe_image_reader.cc(340)] could not read dos header from C:\WINDOWS\System32\sechost.dll
[0103/004349.781:ERROR:process_memory_win.cc(73)] ReadMemory at 0x7ffba58e0000 of 64 bytes failed: Ukoñczono tylko czêœæ ¿¹dania ReadProcessMemory lub WriteProcessMemory. (0x12B)
[0103/004349.781:WARNING:pe_image_reader.cc(340)] could not read dos header from C:\WINDOWS\System32\RPCRT4.dll
[0103/004349.781:ERROR:process_memory_win.cc(73)] ReadMemory at 0x7ffb35be0000 of 64 bytes failed: Ukoñczono tylko czêœæ ¿¹dania ReadProcessMemory lub WriteProcessMemory. (0x12B)
[0103/004349.781:WARNING:pe_image_reader.cc(340)] could not read dos header from C:\Program Files (x86)\Google\Chrome\Application\87.0.4280.88\chrome.dll
[0103/004349.781:ERROR:process_memory_win.cc(73)] ReadMemory at 0x7ffba5a50000 of 64 bytes failed: Ukoñczono tylko czêœæ ¿¹dania ReadProcessMemory lub WriteProcessMemory. (0x12B)
[0103/004349.781:WARNING:pe_image_reader.cc(340)] could not read dos header from C:\WINDOWS\System32\WS2_32.dll
[0103/004349.781:ERROR:process_memory_win.cc(73)] ReadMemory at 0x7ffba6580000 of 64 bytes failed: Ukoñczono tylko czêœæ ¿¹dania ReadProcessMemory lub WriteProcessMemory. (0x12B)
[0103/004349.781:WARNING:pe_image_reader.cc(340)] could not read dos header from C:\WINDOWS\System32\OLEAUT32.dll
[0103/004349.781:ERROR:process_memory_win.cc(73)] ReadMemory at 0x7ffba48f0000 of 64 bytes failed: Ukoñczono tylko czêœæ ¿¹dania ReadProcessMemory lub WriteProcessMemory. (0x12B)
[0103/004349.781:WARNING:pe_image_reader.cc(340)] could not read dos header from C:\WINDOWS\System32\msvcp_win.dll
[0103/004349.781:ERROR:process_memory_win.cc(73)] ReadMemory at 0x7ffba43d0000 of 64 bytes failed: Ukoñczono tylko czêœæ ¿¹dania ReadProcessMemory lub WriteProcessMemory. (0x12B)
[0103/004349.781:WARNING:pe_image_reader.cc(340)] could not read dos header from C:\WINDOWS\System32\ucrtbase.dll
[0103/004349.781:ERROR:process_memory_win.cc(73)] ReadMemory at 0x7ffba6850000 of 64 bytes failed: Ukoñczono tylko czêœæ ¿¹dania ReadProcessMemory lub WriteProcessMemory. (0x12B)
[0103/004349.781:WARNING:pe_image_reader.cc(340)] could not read dos header from C:\WINDOWS\System32\combase.dll
[0103/004349.782:ERROR:process_memory_win.cc(73)] ReadMemory at 0x7ffba4c90000 of 64 bytes failed: Ukoñczono tylko czêœæ ¿¹dania ReadProcessMemory lub WriteProcessMemory. (0x12B)
[0103/004349.782:WARNING:pe_image_reader.cc(340)] could not read dos header from C:\WINDOWS\System32\WINTRUST.dll
[0103/004349.782:ERROR:process_memory_win.cc(73)] ReadMemory at 0x7ffba4790000 of 64 bytes failed: Ukoñczono tylko czêœæ ¿¹dania ReadProcessMemory lub WriteProcessMemory. (0x12B)
[0103/004349.782:WARNING:pe_image_reader.cc(340)] could not read dos header from C:\WINDOWS\System32\CRYPT32.dll
[0103/004349.782:ERROR:process_memory_win.cc(73)] ReadMemory at 0x7ffb946b0000 of 64 bytes failed: Ukoñczono tylko czêœæ ¿¹dania ReadProcessMemory lub WriteProcessMemory. (0x12B)
[0103/004349.782:WARNING:pe_image_reader.cc(340)] could not read dos header from C:\WINDOWS\SYSTEM32\dbghelp.dll
[0103/004349.782:ERROR:process_memory_win.cc(73)] ReadMemory at 0x7ffba3830000 of 64 bytes failed: Ukoñczono tylko czêœæ ¿¹dania ReadProcessMemory lub WriteProcessMemory. (0x12B)
[0103/004349.782:WARNING:pe_image_reader.cc(340)] could not read dos header from C:\WINDOWS\SYSTEM32\IPHLPAPI.DLL
[0103/004349.782:ERROR:process_memory_win.cc(73)] ReadMemory at 0x7ffb96880000 of 64 bytes failed: Ukoñczono tylko czêœæ ¿¹dania ReadProcessMemory lub WriteProcessMemory. (0x12B)
[0103/004349.782:WARNING:pe_image_reader.cc(340)] could not read dos header from C:\WINDOWS\SYSTEM32\WINMM.dll
[0103/004349.782:ERROR:process_memory_win.cc(73)] ReadMemory at 0x7ffb75be0000 of 64 bytes failed: Ukoñczono tylko czêœæ ¿¹dania ReadProcessMemory lub WriteProcessMemory. (0x12B)
[0103/004349.782:WARNING:pe_image_reader.cc(340)] could not read dos header from C:\WINDOWS\SYSTEM32\UIAutomationCore.DLL
[0103/004349.782:ERROR:process_memory_win.cc(73)] ReadMemory at 0x7ffb8ca50000 of 64 bytes failed: Ukoñczono tylko czêœæ ¿¹dania ReadProcessMemory lub WriteProcessMemory. (0x12B)
[0103/004349.782:WARNING:pe_image_reader.cc(340)] could not read dos header from C:\WINDOWS\SYSTEM32\Secur32.dll
[0103/004349.782:ERROR:process_memory_win.cc(73)] ReadMemory at 0x7ffba42c0000 of 64 bytes failed: Ukoñczono tylko czêœæ ¿¹dania ReadProcessMemory lub WriteProcessMemory. (0x12B)
[0103/004349.782:WARNING:pe_image_reader.cc(340)] could not read dos header from C:\WINDOWS\SYSTEM32\USERENV.dll
[0103/004349.782:ERROR:process_memory_win.cc(73)] ReadMemory at 0x7ffb7c590000 of 64 bytes failed: Ukoñczono tylko czêœæ ¿¹dania ReadProcessMemory lub WriteProcessMemory. (0x12B)
[0103/004349.782:WARNING:pe_image_reader.cc(340)] could not read dos header from C:\WINDOWS\SYSTEM32\DWrite.dll
[0103/004349.782:ERROR:process_memory_win.cc(73)] ReadMemory at 0x7ffb88a20000 of 64 bytes failed: Ukoñczono tylko czêœæ ¿¹dania ReadProcessMemory lub WriteProcessMemory. (0x12B)
[0103/004349.783:WARNING:pe_image_reader.cc(340)] could not read dos header from C:\WINDOWS\SYSTEM32\WINSPOOL.DRV
[0103/004349.783:ERROR:process_memory_win.cc(73)] ReadMemory at 0x7ffb981c0000 of 64 bytes failed: Ukoñczono tylko czêœæ ¿¹dania ReadProcessMemory lub WriteProcessMemory. (0x12B)
[0103/004349.783:WARNING:pe_image_reader.cc(340)] could not read dos header from C:\WINDOWS\SYSTEM32\WINHTTP.dll
[0103/004349.783:ERROR:process_memory_win.cc(73)] ReadMemory at 0x7ffb9b9d0000 of 64 bytes failed: Ukoñczono tylko czêœæ ¿¹dania ReadProcessMemory lub WriteProcessMemory. (0x12B)
[0103/004349.783:WARNING:pe_image_reader.cc(340)] could not read dos header from C:\WINDOWS\SYSTEM32\dhcpcsvc.DLL
[0103/004349.783:ERROR:process_memory_win.cc(73)] ReadMemory at 0x7ffb9fc80000 of 64 bytes failed: Ukoñczono tylko czêœæ ¿¹dania ReadProcessMemory lub WriteProcessMemory. (0x12B)
[0103/004349.783:WARNING:pe_image_reader.cc(340)] could not read dos header from C:\WINDOWS\SYSTEM32\PROPSYS.dll
[0103/004349.783:ERROR:process_memory_win.cc(73)] ReadMemory at 0x7ffba4280000 of 64 bytes failed: Ukoñczono tylko czêœæ ¿¹dania ReadProcessMemory lub WriteProcessMemory. (0x12B)
[0103/004349.783:WARNING:pe_image_reader.cc(340)] could not read dos header from C:\WINDOWS\SYSTEM32\SSPICLI.DLL
[0103/004349.783:ERROR:process_memory_win.cc(73)] ReadMemory at 0x7ffba3fc0000 of 64 bytes failed: Ukoñczono tylko czêœæ ¿¹dania ReadProcessMemory lub WriteProcessMemory. (0x12B)
[0103/004349.783:WARNING:pe_image_reader.cc(340)] could not read dos header from C:\WINDOWS\System32\MSASN1.dll
[0103/004349.783:ERROR:process_memory_win.cc(73)] ReadMemory at 0x7ffba4710000 of 64 bytes failed: Ukoñczono tylko czêœæ ¿¹dania ReadProcessMemory lub WriteProcessMemory. (0x12B)
[0103/004349.783:WARNING:pe_image_reader.cc(340)] could not read dos header from C:\WINDOWS\System32\bcryptPrimitives.dll
[0103/004349.783:ERROR:process_memory_win.cc(73)] ReadMemory at 0x7ffba3d90000 of 64 bytes failed: Ukoñczono tylko czêœæ ¿¹dania ReadProcessMemory lub WriteProcessMemory. (0x12B)
[0103/004349.783:WARNING:pe_image_reader.cc(340)] could not read dos header from C:\WINDOWS\SYSTEM32\CRYPTBASE.DLL
[0103/004349.783:ERROR:process_memory_win.cc(73)] ReadMemory at 0x7ff6dfc50000 of 64 bytes failed: Ukoñczono tylko czêœæ ¿¹dania ReadProcessMemory lub WriteProcessMemory. (0x12B)
[0103/004349.783:WARNING:pe_image_reader.cc(340)] could not read dos header from C:\Program Files (x86)\Google\Chrome\Application\chrome.exe
[0103/004349.783:ERROR:process_memory_win.cc(73)] ReadMemory at 0x7ffba6c90000 of 64 bytes failed: Ukoñczono tylko czêœæ ¿¹dania ReadProcessMemory lub WriteProcessMemory. (0x12B)
[0103/004349.783:WARNING:pe_image_reader.cc(340)] could not read dos header from C:\WINDOWS\SYSTEM32\ntdll.dll
[0103/004349.783:ERROR:process_memory_win.cc(73)] ReadMemory at 0x7ffba4cf0000 of 64 bytes failed: Ukoñczono tylko czêœæ ¿¹dania ReadProcessMemory lub WriteProcessMemory. (0x12B)
[0103/004349.784:WARNING:pe_image_reader.cc(340)] could not read dos header from C:\WINDOWS\System32\KERNEL32.DLL
[0103/004349.784:ERROR:process_memory_win.cc(73)] ReadMemory at 0x7ffba4990000 of 64 bytes failed: Ukoñczono tylko czêœæ ¿¹dania ReadProcessMemory lub WriteProcessMemory. (0x12B)
[0103/004349.784:WARNING:pe_image_reader.cc(340)] could not read dos header from C:\WINDOWS\System32\KERNELBASE.dll
[0103/004349.784:ERROR:process_memory_win.cc(73)] ReadMemory at 0x7ffb81bb0000 of 64 bytes failed: Ukoñczono tylko czêœæ ¿¹dania ReadProcessMemory lub WriteProcessMemory. (0x12B)
[0103/004349.784:WARNING:pe_image_reader.cc(340)] could not read dos header from C:\Program Files (x86)\Google\Chrome\Application\87.0.4280.88\chrome_elf.dll
[0103/004349.784:ERROR:process_memory_win.cc(73)] ReadMemory at 0x7ffb95620000 of 64 bytes failed: Ukoñczono tylko czêœæ ¿¹dania ReadProcessMemory lub WriteProcessMemory. (0x12B)
[0103/004349.784:WARNING:pe_image_reader.cc(340)] could not read dos header from C:\WINDOWS\SYSTEM32\VERSION.dll
[0103/004349.784:ERROR:process_memory_win.cc(73)] ReadMemory at 0x7ffba6680000 of 64 bytes failed: Ukoñczono tylko czêœæ ¿¹dania ReadProcessMemory lub WriteProcessMemory. (0x12B)
[0103/004349.784:WARNING:pe_image_reader.cc(340)] could not read dos header from C:\WINDOWS\System32\msvcrt.dll
[0103/004349.784:ERROR:process_memory_win.cc(73)] ReadMemory at 0x7ffba64d0000 of 64 bytes failed: Ukoñczono tylko czêœæ ¿¹dania ReadProcessMemory lub WriteProcessMemory. (0x12B)
[0103/004349.784:WARNING:pe_image_reader.cc(340)] could not read dos header from C:\WINDOWS\System32\ADVAPI32.dll
[0103/004349.784:ERROR:process_memory_win.cc(73)] ReadMemory at 0x7ffba6350000 of 64 bytes failed: Ukoñczono tylko czêœæ ¿¹dania ReadProcessMemory lub WriteProcessMemory. (0x12B)
[0103/004349.784:WARNING:pe_image_reader.cc(340)] could not read dos header from C:\WINDOWS\System32\sechost.dll
[0103/004349.784:ERROR:process_memory_win.cc(73)] ReadMemory at 0x7ffba58e0000 of 64 bytes failed: Ukoñczono tylko czêœæ ¿¹dania ReadProcessMemory lub WriteProcessMemory. (0x12B)
[0103/004349.784:WARNING:pe_image_reader.cc(340)] could not read dos header from C:\WINDOWS\System32\RPCRT4.dll
[0103/004349.784:ERROR:process_memory_win.cc(73)] ReadMemory at 0x7ffb35be0000 of 64 bytes failed: Ukoñczono tylko czêœæ ¿¹dania ReadProcessMemory lub WriteProcessMemory. (0x12B)
[0103/004349.784:WARNING:pe_image_reader.cc(340)] could not read dos header from C:\Program Files (x86)\Google\Chrome\Application\87.0.4280.88\chrome.dll
[0103/004349.784:ERROR:process_memory_win.cc(73)] ReadMemory at 0x7ffba5a50000 of 64 bytes failed: Ukoñczono tylko czêœæ ¿¹dania ReadProcessMemory lub WriteProcessMemory. (0x12B)
[0103/004349.784:WARNING:pe_image_reader.cc(340)] could not read dos header from C:\WINDOWS\System32\WS2_32.dll
[0103/004349.785:ERROR:process_memory_win.cc(73)] ReadMemory at 0x7ffba6580000 of 64 bytes failed: Ukoñczono tylko czêœæ ¿¹dania ReadProcessMemory lub WriteProcessMemory. (0x12B)
[0103/004349.785:WARNING:pe_image_reader.cc(340)] could not read dos header from C:\WINDOWS\System32\OLEAUT32.dll
[0103/004349.785:ERROR:process_memory_win.cc(73)] ReadMemory at 0x7ffba48f0000 of 64 bytes failed: Ukoñczono tylko czêœæ ¿¹dania ReadProcessMemory lub WriteProcessMemory. (0x12B)
[0103/004349.785:WARNING:pe_image_reader.cc(340)] could not read dos header from C:\WINDOWS\System32\msvcp_win.dll
[0103/004349.785:ERROR:process_memory_win.cc(73)] ReadMemory at 0x7ffba43d0000 of 64 bytes failed: Ukoñczono tylko czêœæ ¿¹dania ReadProcessMemory lub WriteProcessMemory. (0x12B)
[0103/004349.785:WARNING:pe_image_reader.cc(340)] could not read dos header from C:\WINDOWS\System32\ucrtbase.dll
[0103/004349.785:ERROR:process_memory_win.cc(73)] ReadMemory at 0x7ffba6850000 of 64 bytes failed: Ukoñczono tylko czêœæ ¿¹dania ReadProcessMemory lub WriteProcessMemory. (0x12B)
[0103/004349.785:WARNING:pe_image_reader.cc(340)] could not read dos header from C:\WINDOWS\System32\combase.dll
[0103/004349.785:ERROR:process_memory_win.cc(73)] ReadMemory at 0x7ffba4c90000 of 64 bytes failed: Ukoñczono tylko czêœæ ¿¹dania ReadProcessMemory lub WriteProcessMemory. (0x12B)
[0103/004349.785:WARNING:pe_image_reader.cc(340)] could not read dos header from C:\WINDOWS\System32\WINTRUST.dll
[0103/004349.785:ERROR:process_memory_win.cc(73)] ReadMemory at 0x7ffba4790000 of 64 bytes failed: Ukoñczono tylko czêœæ ¿¹dania ReadProcessMemory lub WriteProcessMemory. (0x12B)
[0103/004349.785:WARNING:pe_image_reader.cc(340)] could not read dos header from C:\WINDOWS\System32\CRYPT32.dll
[0103/004349.785:ERROR:process_memory_win.cc(73)] ReadMemory at 0x7ffb946b0000 of 64 bytes failed: Ukoñczono tylko czêœæ ¿¹dania ReadProcessMemory lub WriteProcessMemory. (0x12B)
[0103/004349.785:WARNING:pe_image_reader.cc(340)] could not read dos header from C:\WINDOWS\SYSTEM32\dbghelp.dll
[0103/004349.785:ERROR:process_memory_win.cc(73)] ReadMemory at 0x7ffba3830000 of 64 bytes failed: Ukoñczono tylko czêœæ ¿¹dania ReadProcessMemory lub WriteProcessMemory. (0x12B)
[0103/004349.785:WARNING:pe_image_reader.cc(340)] could not read dos header from C:\WINDOWS\SYSTEM32\IPHLPAPI.DLL
[0103/004349.785:ERROR:process_memory_win.cc(73)] ReadMemory at 0x7ffb96880000 of 64 bytes failed: Ukoñczono tylko czêœæ ¿¹dania ReadProcessMemory lub WriteProcessMemory. (0x12B)
[0103/004349.785:WARNING:pe_image_reader.cc(340)] could not read dos header from C:\WINDOWS\SYSTEM32\WINMM.dll
[0103/004349.785:ERROR:process_memory_win.cc(73)] ReadMemory at 0x7ffb75be0000 of 64 bytes failed: Ukoñczono tylko czêœæ ¿¹dania ReadProcessMemory lub WriteProcessMemory. (0x12B)
[0103/004349.785:WARNING:pe_image_reader.cc(340)] could not read dos header from C:\WINDOWS\SYSTEM32\UIAutomationCore.DLL
[0103/004349.785:ERROR:process_memory_win.cc(73)] ReadMemory at 0x7ffb8ca50000 of 64 bytes failed: Ukoñczono tylko czêœæ ¿¹dania ReadProcessMemory lub WriteProcessMemory. (0x12B)
[0103/004349.786:WARNING:pe_image_reader.cc(340)] could not read dos header from C:\WINDOWS\SYSTEM32\Secur32.dll
[0103/004349.786:ERROR:process_memory_win.cc(73)] ReadMemory at 0x7ffba42c0000 of 64 bytes failed: Ukoñczono tylko czêœæ ¿¹dania ReadProcessMemory lub WriteProcessMemory. (0x12B)
[0103/004349.786:WARNING:pe_image_reader.cc(340)] could not read dos header from C:\WINDOWS\SYSTEM32\USERENV.dll
[0103/004349.786:ERROR:process_memory_win.cc(73)] ReadMemory at 0x7ffb7c590000 of 64 bytes failed: Ukoñczono tylko czêœæ ¿¹dania ReadProcessMemory lub WriteProcessMemory. (0x12B)
[0103/004349.786:WARNING:pe_image_reader.cc(340)] could not read dos header from C:\WINDOWS\SYSTEM32\DWrite.dll
[0103/004349.786:ERROR:process_memory_win.cc(73)] ReadMemory at 0x7ffb88a20000 of 64 bytes failed: Ukoñczono tylko czêœæ ¿¹dania ReadProcessMemory lub WriteProcessMemory. (0x12B)
[0103/004349.786:WARNING:pe_image_reader.cc(340)] could not read dos header from C:\WINDOWS\SYSTEM32\WINSPOOL.DRV
[0103/004349.786:ERROR:process_memory_win.cc(73)] ReadMemory at 0x7ffb981c0000 of 64 bytes failed: Ukoñczono tylko czêœæ ¿¹dania ReadProcessMemory lub WriteProcessMemory. (0x12B)
[0103/004349.786:WARNING:pe_image_reader.cc(340)] could not read dos header from C:\WINDOWS\SYSTEM32\WINHTTP.dll
[0103/004349.786:ERROR:process_memory_win.cc(73)] ReadMemory at 0x7ffb9b9d0000 of 64 bytes failed: Ukoñczono tylko czêœæ ¿¹dania ReadProcessMemory lub WriteProcessMemory. (0x12B)
[0103/004349.786:WARNING:pe_image_reader.cc(340)] could not read dos header from C:\WINDOWS\SYSTEM32\dhcpcsvc.DLL
[0103/004349.786:ERROR:process_memory_win.cc(73)] ReadMemory at 0x7ffb9fc80000 of 64 bytes failed: Ukoñczono tylko czêœæ ¿¹dania ReadProcessMemory lub WriteProcessMemory. (0x12B)
[0103/004349.786:WARNING:pe_image_reader.cc(340)] could not read dos header from C:\WINDOWS\SYSTEM32\PROPSYS.dll
[0103/004349.786:ERROR:process_memory_win.cc(73)] ReadMemory at 0x7ffba4280000 of 64 bytes failed: Ukoñczono tylko czêœæ ¿¹dania ReadProcessMemory lub WriteProcessMemory. (0x12B)
[0103/004349.786:WARNING:pe_image_reader.cc(340)] could not read dos header from C:\WINDOWS\SYSTEM32\SSPICLI.DLL
[0103/004349.786:ERROR:process_memory_win.cc(73)] ReadMemory at 0x7ffba3fc0000 of 64 bytes failed: Ukoñczono tylko czêœæ ¿¹dania ReadProcessMemory lub WriteProcessMemory. (0x12B)
[0103/004349.786:WARNING:pe_image_reader.cc(340)] could not read dos header from C:\WINDOWS\System32\MSASN1.dll
[0103/004349.786:ERROR:process_memory_win.cc(73)] ReadMemory at 0x7ffba4710000 of 64 bytes failed: Ukoñczono tylko czêœæ ¿¹dania ReadProcessMemory lub WriteProcessMemory. (0x12B)
[0103/004349.786:WARNING:pe_image_reader.cc(340)] could not read dos header from C:\WINDOWS\System32\bcryptPrimitives.dll
[0103/004349.787:ERROR:process_memory_win.cc(73)] ReadMemory at 0x7ffba3d90000 of 64 bytes failed: Ukoñczono tylko czêœæ ¿¹dania ReadProcessMemory lub WriteProcessMemory. (0x12B)
[0103/004349.787:WARNING:pe_image_reader.cc(340)] could not read dos header from C:\WINDOWS\SYSTEM32\CRYPTBASE.DLL
[0103/004349.794:ERROR:process_memory_win.cc(73)] ReadMemory at 0x461fddf000 of 135168 bytes failed: Ukoñczono tylko czêœæ ¿¹dania ReadProcessMemory lub WriteProcessMemory. (0x12B)
[0103/004349.795:ERROR:process_memory_win.cc(73)] ReadMemory at 0x46205fe000 of 8192 bytes failed: Ukoñczono tylko czêœæ ¿¹dania ReadProcessMemory lub WriteProcessMemory. (0x12B)
[0103/004349.795:ERROR:process_memory_win.cc(73)] ReadMemory at 0x4620dfe000 of 8192 bytes failed: Ukoñczono tylko czêœæ ¿¹dania ReadProcessMemory lub WriteProcessMemory. (0x12B)
[0103/004349.796:ERROR:process_memory_win.cc(73)] ReadMemory at 0x46215fe000 of 8192 bytes failed: Ukoñczono tylko czêœæ ¿¹dania ReadProcessMemory lub WriteProcessMemory. (0x12B)
[0103/004349.796:ERROR:process_memory_win.cc(73)] ReadMemory at 0x46225fd000 of 12288 bytes failed: Ukoñczono tylko czêœæ ¿¹dania ReadProcessMemory lub WriteProcessMemory. (0x12B)
[0103/004349.796:ERROR:process_memory_win.cc(73)] ReadMemory at 0x4622dfe000 of 8192 bytes failed: Ukoñczono tylko czêœæ ¿¹dania ReadProcessMemory lub WriteProcessMemory. (0x12B)
[0103/004349.796:ERROR:process_memory_win.cc(73)] ReadMemory at 0x46235fe000 of 8192 bytes failed: Ukoñczono tylko czêœæ ¿¹dania ReadProcessMemory lub WriteProcessMemory. (0x12B)
[0103/004349.796:ERROR:process_memory_win.cc(73)] ReadMemory at 0x4623dfc000 of 16384 bytes failed: Ukoñczono tylko czêœæ ¿¹dania ReadProcessMemory lub WriteProcessMemory. (0x12B)
[0103/004349.796:ERROR:process_memory_win.cc(73)] ReadMemory at 0x4624dfe000 of 8192 bytes failed: Ukoñczono tylko czêœæ ¿¹dania ReadProcessMemory lub WriteProcessMemory. (0x12B)
[0103/004349.797:ERROR:process_memory_win.cc(73)] ReadMemory at 0x46255fe000 of 8192 bytes failed: Ukoñczono tylko czêœæ ¿¹dania ReadProcessMemory lub WriteProcessMemory. (0x12B)
[0103/004349.797:ERROR:process_memory_win.cc(73)] ReadMemory at 0x4625dfd000 of 12288 bytes failed: Ukoñczono tylko czêœæ ¿¹dania ReadProcessMemory lub WriteProcessMemory. (0x12B)
[0103/004349.797:ERROR:process_memory_win.cc(73)] ReadMemory at 0x46265fe000 of 8192 bytes failed: Ukoñczono tylko czêœæ ¿¹dania ReadProcessMemory lub WriteProcessMemory. (0x12B)
[0103/004349.797:ERROR:process_memory_win.cc(73)] ReadMemory at 0x4621dfe000 of 8192 bytes failed: Ukoñczono tylko czêœæ ¿¹dania ReadProcessMemory lub WriteProcessMemory. (0x12B)
[0103/004349.797:ERROR:process_memory_win.cc(73)] ReadMemory at 0x46245fe000 of 8192 bytes failed: Ukoñczono tylko czêœæ ¿¹dania ReadProcessMemory lub WriteProcessMemory. (0x12B)
[0103/004349.797:ERROR:process_memory_win.cc(73)] ReadMemory at 0x461f576000 of 852 bytes failed: Ukoñczono tylko czêœæ ¿¹dania ReadProcessMemory lub WriteProcessMemory. (0x12B)
[0103/004349.797:ERROR:process_memory_win.cc(73)] ReadMemory at 0x461f577000 of 6024 bytes failed: Ukoñczono tylko czêœæ ¿¹dania ReadProcessMemory lub WriteProcessMemory. (0x12B)
[0103/004349.797:ERROR:process_memory_win.cc(73)] ReadMemory at 0x461f579000 of 6024 bytes failed: Ukoñczono tylko czêœæ ¿¹dania ReadProcessMemory lub WriteProcessMemory. (0x12B)
[0103/004349.798:ERROR:process_memory_win.cc(73)] ReadMemory at 0x461f57b000 of 6024 bytes failed: Ukoñczono tylko czêœæ ¿¹dania ReadProcessMemory lub WriteProcessMemory. (0x12B)
[0103/004349.798:ERROR:process_memory_win.cc(73)] ReadMemory at 0x461f57d000 of 6024 bytes failed: Ukoñczono tylko czêœæ ¿¹dania ReadProcessMemory lub WriteProcessMemory. (0x12B)
[0103/004349.798:ERROR:process_memory_win.cc(73)] ReadMemory at 0x461f581000 of 6024 bytes failed: Ukoñczono tylko czêœæ ¿¹dania ReadProcessMemory lub WriteProcessMemory. (0x12B)
[0103/004349.798:ERROR:process_memory_win.cc(73)] ReadMemory at 0x461f583000 of 6024 bytes failed: Ukoñczono tylko czêœæ ¿¹dania ReadProcessMemory lub WriteProcessMemory. (0x12B)
[0103/004349.798:ERROR:process_memory_win.cc(73)] ReadMemory at 0x461f585000 of 6024 bytes failed: Ukoñczono tylko czêœæ ¿¹dania ReadProcessMemory lub WriteProcessMemory. (0x12B)
[0103/004349.798:ERROR:process_memory_win.cc(73)] ReadMemory at 0x461f587000 of 6024 bytes failed: Ukoñczono tylko czêœæ ¿¹dania ReadProcessMemory lub WriteProcessMemory. (0x12B)
[0103/004349.798:ERROR:process_memory_win.cc(73)] ReadMemory at 0x461f58b000 of 6024 bytes failed: Ukoñczono tylko czêœæ ¿¹dania ReadProcessMemory lub WriteProcessMemory. (0x12B)
[0103/004349.799:ERROR:process_memory_win.cc(73)] ReadMemory at 0x461f58d000 of 6024 bytes failed: Ukoñczono tylko czêœæ ¿¹dania ReadProcessMemory lub WriteProcessMemory. (0x12B)
[0103/004349.799:ERROR:process_memory_win.cc(73)] ReadMemory at 0x461f58f000 of 6024 bytes failed: Ukoñczono tylko czêœæ ¿¹dania ReadProcessMemory lub WriteProcessMemory. (0x12B)
[0103/004349.799:ERROR:process_memory_win.cc(73)] ReadMemory at 0x461f591000 of 6024 bytes failed: Ukoñczono tylko czêœæ ¿¹dania ReadProcessMemory lub WriteProcessMemory. (0x12B)
[0103/004349.799:ERROR:process_memory_win.cc(73)] ReadMemory at 0x461f593000 of 6024 bytes failed: Ukoñczono tylko czêœæ ¿¹dania ReadProcessMemory lub WriteProcessMemory. (0x12B)
[0103/004349.799:ERROR:process_memory_win.cc(73)] ReadMemory at 0x461f595000 of 6024 bytes failed: Ukoñczono tylko czêœæ ¿¹dania ReadProcessMemory lub WriteProcessMemory. (0x12B)
[0103/004349.799:ERROR:process_memory_win.cc(73)] ReadMemory at 0x1eb87c0f0e0 of 532 bytes failed: Ukoñczono tylko czêœæ ¿¹dania ReadProcessMemory lub WriteProcessMemory. (0x12B)
[0103/004349.799:ERROR:process_memory_win.cc(73)] ReadMemory at 0x1eb87dd61b0 of 512 bytes failed: Ukoñczono tylko czêœæ ¿¹dania ReadProcessMemory lub WriteProcessMemory. (0x12B)
[0103/004349.800:ERROR:process_memory_win.cc(73)] ReadMemory at 0x1eb87ddd2b0 of 512 bytes failed: Ukoñczono tylko czêœæ ¿¹dania ReadProcessMemory lub WriteProcessMemory. (0x12B)
[0103/004349.800:ERROR:process_memory_win.cc(73)] ReadMemory at 0x1eb87de1010 of 512 bytes failed: Ukoñczono tylko czêœæ ¿¹dania ReadProcessMemory lub WriteProcessMemory. (0x12B)
[0103/004349.800:ERROR:process_memory_win.cc(73)] ReadMemory at 0x1eb87de12e0 of 560 bytes failed: Ukoñczono tylko czêœæ ¿¹dania ReadProcessMemory lub WriteProcessMemory. (0x12B)
[0103/004349.800:ERROR:process_memory_win.cc(73)] ReadMemory at 0x1eb87df14a0 of 712 bytes failed: Ukoñczono tylko czêœæ ¿¹dania ReadProcessMemory lub WriteProcessMemory. (0x12B)
[0103/004349.800:ERROR:process_memory_win.cc(73)] ReadMemory at 0x1eb87dfb500 of 512 bytes failed: Ukoñczono tylko czêœæ ¿¹dania ReadProcessMemory lub WriteProcessMemory. (0x12B)
[0103/004349.800:ERROR:process_memory_win.cc(73)] ReadMemory at 0x1eb87e09490 of 512 bytes failed: Ukoñczono tylko czêœæ ¿¹dania ReadProcessMemory lub WriteProcessMemory. (0x12B)
[0103/004349.800:ERROR:process_memory_win.cc(73)] ReadMemory at 0x1eb87e290b0 of 512 bytes failed: Ukoñczono tylko czêœæ ¿¹dania ReadProcessMemory lub WriteProcessMemory. (0x12B)
[0103/004349.800:ERROR:process_memory_win.cc(73)] ReadMemory at 0x1eb87e31910 of 512 bytes failed: Ukoñczono tylko czêœæ ¿¹dania ReadProcessMemory lub WriteProcessMemory. (0x12B)
[0103/004349.801:ERROR:process_memory_win.cc(73)] ReadMemory at 0x1eb896d7f90 of 512 bytes failed: Ukoñczono tylko czêœæ ¿¹dania ReadProcessMemory lub WriteProcessMemory. (0x12B)
[0103/004349.801:ERROR:process_memory_win.cc(73)] ReadMemory at 0x1eb897cff80 of 512 bytes failed: Ukoñczono tylko czêœæ ¿¹dania ReadProcessMemory lub WriteProcessMemory. (0x12B)
[0103/004349.801:ERROR:process_memory_win.cc(73)] ReadMemory at 0x1eb8980c070 of 512 bytes failed: Ukoñczono tylko czêœæ ¿¹dania ReadProcessMemory lub WriteProcessMemory. (0x12B)
[0103/004349.801:ERROR:process_memory_win.cc(73)] ReadMemory at 0x1eb89810fb0 of 512 bytes failed: Ukoñczono tylko czêœæ ¿¹dania ReadProcessMemory lub WriteProcessMemory. (0x12B)
[0103/004349.801:ERROR:process_memory_win.cc(73)] ReadMemory at 0x1eb89814140 of 512 bytes failed: Ukoñczono tylko czêœæ ¿¹dania ReadProcessMemory lub WriteProcessMemory. (0x12B)
[0103/004349.801:ERROR:process_memory_win.cc(73)] ReadMemory at 0x1eb8a346408 of 512 bytes failed: Ukoñczono tylko czêœæ ¿¹dania ReadProcessMemory lub WriteProcessMemory. (0x12B)
[0103/004349.801:ERROR:process_memory_win.cc(73)] ReadMemory at 0x7ffb81bea220 of 512 bytes failed: Ukoñczono tylko czêœæ ¿¹dania ReadProcessMemory lub WriteProcessMemory. (0x12B)
[0103/004349.801:ERROR:process_memory_win.cc(73)] ReadMemory at 0x7ffb81bea917 of 512 bytes failed: Ukoñczono tylko czêœæ ¿¹dania ReadProcessMemory lub WriteProcessMemory. (0x12B)
[0103/004349.801:ERROR:process_memory_win.cc(73)] ReadMemory at 0x7ffba4d14a50 of 512 bytes failed: Ukoñczono tylko czêœæ ¿¹dania ReadProcessMemory lub WriteProcessMemory. (0x12B)
[0103/004349.802:ERROR:process_memory_win.cc(73)] ReadMemory at 0x7ffba6d2bfb4 of 672 bytes failed: Ukoñczono tylko czêœæ ¿¹dania ReadProcessMemory lub WriteProcessMemory. (0x12B)
[0103/004349.802:ERROR:process_memory_win.cc(73)] ReadMemory at 0x7ffba6d2f924 of 608 bytes failed: Ukoñczono tylko czêœæ ¿¹dania ReadProcessMemory lub WriteProcessMemory. (0x12B)
[0103/004349.805:ERROR:scoped_process_suspend.cc(40)] NtResumeProcess: Podjêto próbê uzyskania dostêpu do procesu koñcz¹cego dzia³anie. (0xc000010a)
[0103/004349.810:ERROR:filesystem_win.cc(129)] GetFileAttributes C:\Users\MichaÅ‚\AppData\Local\Google\Chrome\User Data\Crashpad\attachments\535da754-e827-49b9-9e1b-9ef0218ed56a: System nie mo¿e odnaleŸæ okreœlonej œcie¿ki. (0x3)
[0105/000708.759:ERROR:directory_reader_win.cc(43)] FindFirstFile: System nie mo¿e odnaleŸæ okreœlonej œcie¿ki. (0x3)
[0108/202115.299:ERROR:directory_reader_win.cc(43)] FindFirstFile: System nie mo¿e odnaleŸæ okreœlonej œcie¿ki. (0x3)
[0110/081551.673:ERROR:directory_reader_win.cc(43)] FindFirstFile: System nie mo¿e odnaleŸæ okreœlonej œcie¿ki. (0x3)
